<?xml version="1.0" encoding="UTF-8"?>
<Site BuildName="(empty)"
	BuildStamp="20241125-2036-Experimental"
	Name="(empty)"
	Generator="ctest-3.28.3"
	CompilerName=""
	CompilerVersion=""
	OSName="Linux"
	Hostname="goshagaina-Swift-SFG16-71"
	OSRelease="6.8.0-49-generic"
	OSVersion="#49-Ubuntu SMP PREEMPT_DYNAMIC Mon Nov  4 02:06:24 UTC 2024"
	OSPlatform="x86_64"
	Is64Bits="1"
	VendorString="GenuineIntel"
	VendorID="Intel Corporation"
	FamilyID="6"
	ModelID="186"
	ProcessorCacheSize="24576"
	NumberOfLogicalCPU="16"
	NumberOfPhysicalCPU="10"
	TotalVirtualMemory="51199"
	TotalPhysicalMemory="31781"
	LogicalProcessorsPerPhysical="1"
	ProcessorClockFrequency="1438.51"
	>
	<Testing>
		<StartDateTime>Nov 25 23:36 MSK</StartDateTime>
		<StartTestTime>1732566973</StartTestTime>
		<TestList/>
		<EndDateTime>Nov 25 23:36 MSK</EndDateTime>
		<EndTestTime>1732566973</EndTestTime>
		<ElapsedMinutes>0</ElapsedMinutes>
	</Testing>
</Site>
